2019-05-02 08:13:43 [INFO] Operational mode set to "check".
2019-05-02 08:13:43 [ERR] Error: No backup information found in the log file "/home/bradm/boldgrid_backup/boldgrid-backup-wpbex2-dev-bradm.boldgrid.com_php-54_single-site-1-b2cf0453-20190502-120746.log".
2019-05-02 08:13:43 [INFO] Chosen restoration method: "ziparchive".
2019-05-02 08:13:43 [DEBUG] Gathered information.
2019-05-02 08:18:20 [INFO] Operational mode set to "check".
2019-05-02 08:18:20 [ERR] Error: No backup information found in the log file "/home/bradm/boldgrid_backup/boldgrid-backup-wpbex2-dev-bradm.boldgrid.com_php-54_single-site-1-b2cf0453-20190502-120746.log".
2019-05-02 08:18:20 [INFO] Chosen restoration method: "ziparchive".
2019-05-02 08:18:20 [DEBUG] Gathered information.
2019-05-02 08:18:31 [INFO] Operational mode set to "check".
2019-05-02 08:18:31 [ERR] Error: No backup information found in the log file "/home/bradm/boldgrid_backup/boldgrid-backup-wpbex2-dev-bradm.boldgrid.com_php-54_single-site-1-b2cf0453-20190502-120746.log".
2019-05-02 08:18:31 [INFO] Chosen restoration method: "ziparchive".
2019-05-02 08:18:31 [DEBUG] Gathered information.
2019-05-02 08:23:12 [INFO] Operational mode set to "check".
2019-05-02 08:23:12 [ERR] Error: No backup information found in the log file "/home/bradm/boldgrid_backup/boldgrid-backup-wpbex2-dev-bradm.boldgrid.com_php-54_single-site-1-b2cf0453-20190502-120746.log".
2019-05-02 08:23:12 [INFO] Chosen restoration method: "ziparchive".
2019-05-02 08:23:12 [DEBUG] Gathered information.
2019-05-02 09:55:00 [INFO] Operational mode set to "check".
2019-05-02 09:55:00 [INFO] Chosen restoration method: "ziparchive".
2019-05-02 09:55:00 [DEBUG] Gathered information.
2019-05-02 09:55:00 [INFO] Info: No action taken.
2019-05-02 09:58:16 [INFO] Operational mode set to "check".
2019-05-02 09:58:16 [INFO] Chosen restoration method: "ziparchive".
2019-05-02 09:58:16 [DEBUG] Gathered information.
2019-05-02 09:58:16 [INFO] Info: No action taken.
2019-05-02 09:59:56 [INFO] Operational mode set to "check".
2019-05-02 09:59:56 [INFO] Chosen restoration method: "ziparchive".
2019-05-02 09:59:56 [DEBUG] Gathered information.
2019-05-02 09:59:56 [INFO] Info: No action taken.
2019-05-02 11:33:35 [INFO] Operational mode set to "check".
2019-05-02 11:33:35 [INFO] Chosen restoration method: "ziparchive".
2019-05-02 11:33:35 [DEBUG] Gathered information.
2019-05-02 11:33:37 [INFO] Site Check: Ok
2019-05-02 11:33:37 [INFO] Info: No action taken.
2019-05-02 11:33:57 [INFO] Operational mode set to "check".
2019-05-02 11:33:58 [INFO] Chosen restoration method: "ziparchive".
2019-05-02 11:33:58 [DEBUG] Gathered information.
2019-05-02 11:33:58 [ERR] Site Check: Failed
2019-05-02 11:33:58 [INFO] Info: No action taken.
